#
# There is insufficient memory for the Java Runtime Environment to continue.
# Native memory allocation (malloc) failed to allocate 1968016 bytes for Chunk::new
# Possible reasons:
#   The system is out of physical RAM or swap space
#   In 32 bit mode, the process size limit was hit
# Possible solutions:
#   Reduce memory load on the system
#   Increase physical memory or swap space
#   Check if swap backing store is full
#   Use 64 bit Java on a 64 bit OS
#   Decrease Java heap size (-Xmx/-Xms)
#   Decrease number of Java threads
#   Decrease Java thread stack sizes (-Xss)
#   Set larger code cache with -XX:ReservedCodeCacheSize=
# This output file may be truncated or incomplete.
#
#  Out of Memory Error (allocation.cpp:390), pid=2852, tid=15224
#
# JRE version: Java(TM) SE Runtime Environment (8.0_40-b26) (build 1.8.0_40-b26)
# Java VM: Java HotSpot(TM) 64-Bit Server VM (25.40-b25 mixed mode windows-amd64 compressed oops)
# Failed to write core dump. Minidumps are not enabled by default on client versions of Windows
#

---------------  T H R E A D  ---------------

Current thread (0x0000000019580800):  JavaThread "C2 CompilerThread2" daemon [_thread_in_native, id=15224, stack(0x0000000019d50000,0x0000000019e50000)]

Stack: [0x0000000019d50000,0x0000000019e50000]
Native frames: (J=compiled Java code, j=interpreted, Vv=VM code, C=native code)
V  [jvm.dll+0x32b47a]
V  [jvm.dll+0x2797f3]
V  [jvm.dll+0x27a489]
V  [jvm.dll+0x2717a5]
V  [jvm.dll+0xcb9a2]
V  [jvm.dll+0xcbe6c]
V  [jvm.dll+0x476ea2]
V  [jvm.dll+0x4b950f]
V  [jvm.dll+0x46bf81]
V  [jvm.dll+0x46ccbe]
V  [jvm.dll+0x4500d2]
V  [jvm.dll+0xa4312]
V  [jvm.dll+0xa4c4f]
V  [jvm.dll+0x241914]
V  [jvm.dll+0x29848a]
C  [msvcr100.dll+0x21d9f]
C  [msvcr100.dll+0x21e3b]
C  [KERNEL32.DLL+0x17e94]
C  [ntdll.dll+0x67ad1]


Current CompileTask:
C2:  16845 2468       4       java.net.URLClassLoader$1::run (5 bytes)


---------------  P R O C E S S  ---------------

Java Threads: ( => current thread )
  0x000000001f60f800 JavaThread "Image Fetcher 0" daemon [_thread_blocked, id=11836, stack(0x00000000206f0000,0x00000000207f0000)]
  0x000000001c356000 JavaThread "TimerQueue" daemon [_thread_blocked, id=13244, stack(0x000000001e730000,0x000000001e830000)]
  0x000000001aa8d800 JavaThread "pool-1-thread-1" [_thread_blocked, id=16664, stack(0x000000001d750000,0x000000001d850000)]
  0x000000001a6a3800 JavaThread "oracle.jdbc.driver.BlockSource.ThreadedCachingBlockSource.BlockReleaser" daemon [_thread_blocked, id=15012, stack(0x000000001d010000,0x000000001d110000)]
  0x0000000000c4e800 JavaThread "DestroyJavaVM" [_thread_blocked, id=14172, stack(0x0000000002400000,0x0000000002500000)]
  0x000000001a471800 JavaThread "AWT-EventQueue-0" [_thread_in_vm, id=6660, stack(0x000000001b740000,0x000000001b840000)]
  0x000000001a454000 JavaThread "AWT-Windows" daemon [_thread_in_native, id=10052, stack(0x000000001ac90000,0x000000001ad90000)]
  0x000000001a469800 JavaThread "AWT-Shutdown" [_thread_blocked, id=17028, stack(0x000000001ab90000,0x000000001ac90000)]
  0x000000001a467800 JavaThread "Java2D Disposer" daemon [_thread_blocked, id=15772, stack(0x000000001aa90000,0x000000001ab90000)]
  0x000000001961d000 JavaThread "Service Thread" daemon [_thread_blocked, id=11768, stack(0x0000000019f50000,0x000000001a050000)]
  0x0000000019589000 JavaThread "C1 CompilerThread3" daemon [_thread_blocked, id=10512, stack(0x0000000019e50000,0x0000000019f50000)]
=>0x0000000019580800 JavaThread "C2 CompilerThread2" daemon [_thread_in_native, id=15224, stack(0x0000000019d50000,0x0000000019e50000)]
  0x000000001957b800 JavaThread "C2 CompilerThread1" daemon [_thread_blocked, id=6404, stack(0x0000000019c50000,0x0000000019d50000)]
  0x0000000019578000 JavaThread "C2 CompilerThread0" daemon [_thread_blocked, id=15800, stack(0x0000000019b50000,0x0000000019c50000)]
  0x0000000019576800 JavaThread "Attach Listener" daemon [_thread_blocked, id=10624, stack(0x0000000019a50000,0x0000000019b50000)]
  0x0000000019575800 JavaThread "Signal Dispatcher" daemon [_thread_blocked, id=7128, stack(0x0000000019950000,0x0000000019a50000)]
  0x00000000025fa000 JavaThread "Finalizer" daemon [_thread_blocked, id=17488, stack(0x0000000019440000,0x0000000019540000)]
  0x000000001754d000 JavaThread "Reference Handler" daemon [_thread_blocked, id=9496, stack(0x0000000019340000,0x0000000019440000)]

Other Threads:
  0x0000000017548800 VMThread [stack: 0x0000000019240000,0x0000000019340000] [id=16636]
  0x000000001961d800 WatcherThread [stack: 0x000000001a050000,0x000000001a150000] [id=17976]

VM state:not at safepoint (normal execution)

VM Mutex/Monitor currently owned by a thread: None

Heap:
 PSYoungGen      total 37888K, used 35033K [0x00000000d6100000, 0x00000000d9880000, 0x0000000100000000)
  eden space 32768K, 91% used [0x00000000d6100000,0x00000000d7e39a28,0x00000000d8100000)
  from space 5120K, 99% used [0x00000000d8100000,0x00000000d85fca08,0x00000000d8600000)
  to   space 5120K, 0% used [0x00000000d9380000,0x00000000d9380000,0x00000000d9880000)
 ParOldGen       total 64512K, used 8394K [0x0000000082200000, 0x0000000086100000, 0x00000000d6100000)
  object space 64512K, 13% used [0x0000000082200000,0x0000000082a32ab8,0x0000000086100000)
 Metaspace       used 34164K, capacity 34384K, committed 34608K, reserved 1079296K
  class space    used 4560K, capacity 4642K, committed 4656K, reserved 1048576K

Card table byte_map: [0x00000000119c0000,0x0000000011db0000] byte_map_base: 0x00000000115af000

Marking Bits: (ParMarkBitMap*) 0x000000005d0e4040
 Begin Bits: [0x0000000012850000, 0x00000000147c8000)
 End Bits:   [0x00000000147c8000, 0x0000000016740000)

Polling page: 0x0000000000c10000

CodeCache: size=245760Kb used=7578Kb max_used=7602Kb free=238181Kb
 bounds [0x0000000002600000, 0x0000000002d80000, 0x0000000011600000]
 total_blobs=3221 nmethods=2546 adapters=587
 compilation: enabled

Compilation events (10 events):
Event: 16.785 Thread 0x0000000019589000 2544   !   3       javax.swing.UIManager::maybeInitializeFocusPolicy (59 bytes)
Event: 16.786 Thread 0x0000000019589000 nmethod 2544 0x0000000002d493d0 code [0x0000000002d495c0, 0x0000000002d49e98]
Event: 16.789 Thread 0x000000001957b800 nmethod 2499 0x0000000002d4ef50 code [0x0000000002d4f1e0, 0x0000000002d510d8]
Event: 16.789 Thread 0x000000001957b800 2500   !   4       javax.swing.UIDefaults::getFromHashtable (239 bytes)
Event: 16.792 Thread 0x0000000019589000 2546       3       java.util.Calendar::complete (40 bytes)
Event: 16.792 Thread 0x0000000019589000 nmethod 2546 0x0000000002d4e690 code [0x0000000002d4e820, 0x0000000002d4ec18]
Event: 16.795 Thread 0x0000000019589000 2547       3       javax.swing.plaf.synth.SynthLookAndFeel::createUI (483 bytes)
Event: 16.799 Thread 0x0000000019589000 nmethod 2547 0x0000000002d52a50 code [0x0000000002d532c0, 0x0000000002d58278]
Event: 16.799 Thread 0x0000000019589000 2548       3       javax.swing.JComponent::setFont (24 bytes)
Event: 16.799 Thread 0x0000000019589000 nmethod 2548 0x0000000002d4dbd0 code [0x0000000002d4dd60, 0x0000000002d4e178]

GC Heap History (8 events):
Event: 0.600 GC heap before
{Heap before GC invocations=1 (full 0):
 PSYoungGen      total 37888K, used 32768K [0x00000000d6100000, 0x00000000d8b00000, 0x0000000100000000)
  eden space 32768K, 100% used [0x00000000d6100000,0x00000000d8100000,0x00000000d8100000)
  from space 5120K, 0% used [0x00000000d8600000,0x00000000d8600000,0x00000000d8b00000)
  to   space 5120K, 0% used [0x00000000d8100000,0x00000000d8100000,0x00000000d8600000)
 ParOldGen       total 86016K, used 0K [0x0000000082200000, 0x0000000087600000, 0x00000000d6100000)
  object space 86016K, 0% used [0x0000000082200000,0x0000000082200000,0x0000000087600000)
 Metaspace       used 13217K, capacity 13392K, committed 13568K, reserved 1060864K
  class space    used 1674K, capacity 1760K, committed 1792K, reserved 1048576K
Event: 0.605 GC heap after
Heap after GC invocations=1 (full 0):
 PSYoungGen      total 37888K, used 4569K [0x00000000d6100000, 0x00000000d8b00000, 0x0000000100000000)
  eden space 32768K, 0% used [0x00000000d6100000,0x00000000d6100000,0x00000000d8100000)
  from space 5120K, 89% used [0x00000000d8100000,0x00000000d8576778,0x00000000d8600000)
  to   space 5120K, 0% used [0x00000000d8600000,0x00000000d8600000,0x00000000d8b00000)
 ParOldGen       total 86016K, used 80K [0x0000000082200000, 0x0000000087600000, 0x00000000d6100000)
  object space 86016K, 0% used [0x0000000082200000,0x0000000082214010,0x0000000087600000)
 Metaspace       used 13217K, capacity 13392K, committed 13568K, reserved 1060864K
  class space    used 1674K, capacity 1760K, committed 1792K, reserved 1048576K
}
Event: 1.969 GC heap before
{Heap before GC invocations=2 (full 0):
 PSYoungGen      total 37888K, used 23505K [0x00000000d6100000, 0x00000000d8b00000, 0x0000000100000000)
  eden space 32768K, 57% used [0x00000000d6100000,0x00000000d737dd88,0x00000000d8100000)
  from space 5120K, 89% used [0x00000000d8100000,0x00000000d8576778,0x00000000d8600000)
  to   space 5120K, 0% used [0x00000000d8600000,0x00000000d8600000,0x00000000d8b00000)
 ParOldGen       total 86016K, used 80K [0x0000000082200000, 0x0000000087600000, 0x00000000d6100000)
  object space 86016K, 0% used [0x0000000082200000,0x0000000082214010,0x0000000087600000)
 Metaspace       used 21004K, capacity 21186K, committed 21296K, reserved 1067008K
  class space    used 2733K, capacity 2819K, committed 2864K, reserved 1048576K
Event: 1.977 GC heap after
Heap after GC invocations=2 (full 0):
 PSYoungGen      total 37888K, used 5092K [0x00000000d6100000, 0x00000000d8b00000, 0x0000000100000000)
  eden space 32768K, 0% used [0x00000000d6100000,0x00000000d6100000,0x00000000d8100000)
  from space 5120K, 99% used [0x00000000d8600000,0x00000000d8af9370,0x00000000d8b00000)
  to   space 5120K, 0% used [0x00000000d8100000,0x00000000d8100000,0x00000000d8600000)
 ParOldGen       total 86016K, used 2411K [0x0000000082200000, 0x0000000087600000, 0x00000000d6100000)
  object space 86016K, 2% used [0x0000000082200000,0x000000008245ae28,0x0000000087600000)
 Metaspace       used 21004K, capacity 21186K, committed 21296K, reserved 1067008K
  class space    used 2733K, capacity 2819K, committed 2864K, reserved 1048576K
}
Event: 1.977 GC heap before
{Heap before GC invocations=3 (full 1):
 PSYoungGen      total 37888K, used 5092K [0x00000000d6100000, 0x00000000d8b00000, 0x0000000100000000)
  eden space 32768K, 0% used [0x00000000d6100000,0x00000000d6100000,0x00000000d8100000)
  from space 5120K, 99% used [0x00000000d8600000,0x00000000d8af9370,0x00000000d8b00000)
  to   space 5120K, 0% used [0x00000000d8100000,0x00000000d8100000,0x00000000d8600000)
 ParOldGen       total 86016K, used 2411K [0x0000000082200000, 0x0000000087600000, 0x00000000d6100000)
  object space 86016K, 2% used [0x0000000082200000,0x000000008245ae28,0x0000000087600000)
 Metaspace       used 21004K, capacity 21186K, committed 21296K, reserved 1067008K
  class space    used 2733K, capacity 2819K, committed 2864K, reserved 1048576K
Event: 2.000 GC heap after
Heap after GC invocations=3 (full 1):
 PSYoungGen      total 37888K, used 0K [0x00000000d6100000, 0x00000000d8b00000, 0x0000000100000000)
  eden space 32768K, 0% used [0x00000000d6100000,0x00000000d6100000,0x00000000d8100000)
  from space 5120K, 0% used [0x00000000d8600000,0x00000000d8600000,0x00000000d8b00000)
  to   space 5120K, 0% used [0x00000000d8100000,0x00000000d8100000,0x00000000d8600000)
 ParOldGen       total 64512K, used 7204K [0x0000000082200000, 0x0000000086100000, 0x00000000d6100000)
  object space 64512K, 11% used [0x0000000082200000,0x00000000829092e0,0x0000000086100000)
 Metaspace       used 21004K, capacity 21186K, committed 21296K, reserved 1067008K
  class space    used 2733K, capacity 2819K, committed 2864K, reserved 1048576K
}
Event: 2.463 GC heap before
{Heap before GC invocations=4 (full 1):
 PSYoungGen      total 37888K, used 32768K [0x00000000d6100000, 0x00000000d8b00000, 0x0000000100000000)
  eden space 32768K, 100% used [0x00000000d6100000,0x00000000d8100000,0x00000000d8100000)
  from space 5120K, 0% used [0x00000000d8600000,0x00000000d8600000,0x00000000d8b00000)
  to   space 5120K, 0% used [0x00000000d8100000,0x00000000d8100000,0x00000000d8600000)
 ParOldGen       total 64512K, used 7204K [0x0000000082200000, 0x0000000086100000, 0x00000000d6100000)
  object space 64512K, 11% used [0x0000000082200000,0x00000000829092e0,0x0000000086100000)
 Metaspace       used 26791K, capacity 26970K, committed 27184K, reserved 1073152K
  class space    used 3518K, capacity 3591K, committed 3632K, reserved 1048576K
Event: 2.470 GC heap after
Heap after GC invocations=4 (full 1):
 PSYoungGen      total 37888K, used 5106K [0x00000000d6100000, 0x00000000d9880000, 0x0000000100000000)
  eden space 32768K, 0% used [0x00000000d6100000,0x00000000d6100000,0x00000000d8100000)
  from space 5120K, 99% used [0x00000000d8100000,0x00000000d85fca08,0x00000000d8600000)
  to   space 5120K, 0% used [0x00000000d9380000,0x00000000d9380000,0x00000000d9880000)
 ParOldGen       total 64512K, used 8394K [0x0000000082200000, 0x0000000086100000, 0x00000000d6100000)
  object space 64512K, 13% used [0x0000000082200000,0x0000000082a32ab8,0x0000000086100000)
 Metaspace       used 26791K, capacity 26970K, committed 27184K, reserved 1073152K
  class space    used 3518K, capacity 3591K, committed 3632K, reserved 1048576K
}

Deoptimization events (10 events):
Event: 6.904 Thread 0x000000001a471800 Uncommon trap: reason=class_check action=maybe_recompile pc=0x0000000002784e28 method=java.lang.String.equals(Ljava/lang/Object;)Z @ 8
Event: 6.904 Thread 0x000000001a471800 Uncommon trap: reason=class_check action=maybe_recompile pc=0x0000000002784e28 method=java.lang.String.equals(Ljava/lang/Object;)Z @ 8
Event: 16.525 Thread 0x000000001a471800 Uncommon trap: reason=unstable_if action=reinterpret pc=0x0000000002c7a97c method=java.lang.StrictMath.floorOrCeil(DDDD)D @ 14
Event: 16.585 Thread 0x000000001a471800 Uncommon trap: reason=bimorphic action=maybe_recompile pc=0x0000000002a9c868 method=java.util.Hashtable.put(Ljava/lang/Object;Ljava/lang/Object;)Ljava/lang/Object; @ 60
Event: 16.585 Thread 0x000000001a471800 Uncommon trap: reason=bimorphic action=maybe_recompile pc=0x0000000002a9c868 method=java.util.Hashtable.put(Ljava/lang/Object;Ljava/lang/Object;)Ljava/lang/Object; @ 60
Event: 16.585 Thread 0x000000001a471800 Uncommon trap: reason=bimorphic action=maybe_recompile pc=0x0000000002a9c868 method=java.util.Hashtable.put(Ljava/lang/Object;Ljava/lang/Object;)Ljava/lang/Object; @ 60
Event: 16.586 Thread 0x000000001a471800 Uncommon trap: reason=bimorphic action=maybe_recompile pc=0x0000000002a9c868 method=java.util.Hashtable.put(Ljava/lang/Object;Ljava/lang/Object;)Ljava/lang/Object; @ 60
Event: 16.589 Thread 0x000000001a471800 Uncommon trap: reason=null_check action=make_not_entrant pc=0x0000000002ccae90 method=javax.swing.plaf.nimbus.DerivedColor.equals(Ljava/lang/Object;)Z @ 8
Event: 16.643 Thread 0x000000001a471800 Uncommon trap: reason=unstable_if action=reinterpret pc=0x0000000002a965f8 method=java.lang.reflect.Field.getFieldAccessor(Ljava/lang/Object;)Lsun/reflect/FieldAccessor; @ 22
Event: 16.709 Thread 0x000000001a471800 Uncommon trap: reason=unstable_if action=reinterpret pc=0x0000000002ac7ad4 method=java.lang.reflect.Method.equals(Ljava/lang/Object;)Z @ 1

Internal exceptions (10 events):
Event: 0.729 Thread 0x000000001a471800 Exception <a 'java/lang/ArrayIndexOutOfBoundsException'> (0x00000000d66ed268) thrown at [D:\re\workspace\8-2-build-windows-amd64-cygwin\jdk8u40\3098\hotspot\src\share\vm\runtime\sharedRuntime.cpp, line 605]
Event: 0.735 Thread 0x000000001a471800 Exception <a 'java/lang/ArrayIndexOutOfBoundsException'> (0x00000000d6713420) thrown at [D:\re\workspace\8-2-build-windows-amd64-cygwin\jdk8u40\3098\hotspot\src\share\vm\runtime\sharedRuntime.cpp, line 605]
Event: 0.741 Thread 0x000000001a471800 Exception <a 'java/lang/ArrayIndexOutOfBoundsException'> (0x00000000d6722c70) thrown at [D:\re\workspace\8-2-build-windows-amd64-cygwin\jdk8u40\3098\hotspot\src\share\vm\runtime\sharedRuntime.cpp, line 605]
Event: 0.771 Thread 0x000000001a471800 Exception <a 'java/lang/NoClassDefFoundError': oracle/security/pki/OraclePKIProvider> (0x00000000d681d490) thrown at [D:\re\workspace\8-2-build-windows-amd64-cygwin\jdk8u40\3098\hotspot\src\share\vm\classfile\systemDictionary.cpp, line 199]
Event: 1.911 Thread 0x000000001a471800 Exception <a 'java/lang/NullPointerException'> (0x00000000d6fefe40) thrown at [D:\re\workspace\8-2-build-windows-amd64-cygwin\jdk8u40\3098\hotspot\src\share\vm\runtime\reflection.cpp, line 921]
Event: 2.140 Thread 0x000000001a471800 Exception <a 'java/lang/ArrayIndexOutOfBoundsException': 48> (0x00000000d69435a8) thrown at [D:\re\workspace\8-2-build-windows-amd64-cygwin\jdk8u40\3098\hotspot\src\share\vm\interpreter\interpreterRuntime.cpp, line 366]
Event: 2.141 Thread 0x000000001a471800 Exception <a 'java/lang/ArrayIndexOutOfBoundsException': 49> (0x00000000d694b2d8) thrown at [D:\re\workspace\8-2-build-windows-amd64-cygwin\jdk8u40\3098\hotspot\src\share\vm\interpreter\interpreterRuntime.cpp, line 366]
Event: 16.589 Thread 0x000000001a471800 Implicit null exception at 0x0000000002ccab95 to 0x0000000002ccae81
Event: 16.643 Thread 0x000000001a471800 Implicit null exception at 0x0000000002a96503 to 0x0000000002a965e5
Event: 16.708 Thread 0x000000001a471800 Implicit null exception at 0x0000000002ac7a4c to 0x0000000002ac7ac1

Events (10 events):
Event: 16.798 loading class org/jdesktop/swingx/renderer/StringValues$1
Event: 16.798 loading class org/jdesktop/swingx/renderer/StringValues$1 done
Event: 16.798 loading class org/jdesktop/swingx/renderer/StringValues$2
Event: 16.798 loading class org/jdesktop/swingx/renderer/StringValues$2 done
Event: 16.804 loading class org/jdesktop/swingx/renderer/StringValues$3
Event: 16.804 loading class org/jdesktop/swingx/renderer/StringValues$3 done
Event: 16.805 loading class org/jdesktop/swingx/renderer/StringValues$4
Event: 16.805 loading class org/jdesktop/swingx/renderer/StringValues$4 done
Event: 16.805 loading class org/jdesktop/swingx/renderer/StringValues$StringValueUIResource
Event: 16.805 loading class org/jdesktop/swingx/renderer/StringValues$StringValueUIResource done


Dynamic libraries:
0x00007ff76cef0000 - 0x00007ff76cf27000 	C:\Program Files\Java\jdk1.8.0_40\bin\java.exe
0x00007ffc57e80000 - 0x00007ffc5806d000 	C:\WINDOWS\SYSTEM32\ntdll.dll
0x00007ffc57ac0000 - 0x00007ffc57b73000 	C:\WINDOWS\System32\KERNEL32.DLL
0x00007ffc54a90000 - 0x00007ffc54d23000 	C:\WINDOWS\System32\KERNELBASE.dll
0x00007ffc57b90000 - 0x00007ffc57c33000 	C:\WINDOWS\System32\ADVAPI32.dll
0x00007ffc565d0000 - 0x00007ffc5666e000 	C:\WINDOWS\System32\msvcrt.dll
0x00007ffc569f0000 - 0x00007ffc56a8e000 	C:\WINDOWS\System32\sechost.dll
0x00007ffc572e0000 - 0x00007ffc57403000 	C:\WINDOWS\System32\RPCRT4.dll
0x00007ffc57410000 - 0x00007ffc575a7000 	C:\WINDOWS\System32\USER32.dll
0x00007ffc547a0000 - 0x00007ffc547c0000 	C:\WINDOWS\System32\win32u.dll
0x00007ffc565a0000 - 0x00007ffc565c9000 	C:\WINDOWS\System32\GDI32.dll
0x00007ffc54840000 - 0x00007ffc549da000 	C:\WINDOWS\System32\gdi32full.dll
0x00007ffc54de0000 - 0x00007ffc54e80000 	C:\WINDOWS\System32\msvcp_win.dll
0x00007ffc53f50000 - 0x00007ffc5404c000 	C:\WINDOWS\System32\ucrtbase.dll
0x00007ffc47560000 - 0x00007ffc477d9000 	C:\WINDOWS\WinSxS\amd64_microsoft.windows.common-controls_6595b64144ccf1df_6.0.17763.134_none_05b3373a07211a5c\COMCTL32.dll
0x00007ffc57720000 - 0x00007ffc57a4d000 	C:\WINDOWS\System32\combase.dll
0x00007ffc54d60000 - 0x00007ffc54dde000 	C:\WINDOWS\System32\bcryptPrimitives.dll
0x00007ffc56860000 - 0x00007ffc5688e000 	C:\WINDOWS\System32\IMM32.DLL
0x000000005e0c0000 - 0x000000005e192000 	C:\Program Files\Java\jdk1.8.0_40\jre\bin\msvcr100.dll
0x000000005c8e0000 - 0x000000005d163000 	C:\Program Files\Java\jdk1.8.0_40\jre\bin\server\jvm.dll
0x00007ffc56e50000 - 0x00007ffc56e58000 	C:\WINDOWS\System32\PSAPI.DLL
0x00007ffc52a60000 - 0x00007ffc52a69000 	C:\WINDOWS\SYSTEM32\WSOCK32.dll
0x00007ffc4d770000 - 0x00007ffc4d794000 	C:\WINDOWS\SYSTEM32\WINMM.dll
0x00007ffc4ebf0000 - 0x00007ffc4ebfa000 	C:\WINDOWS\SYSTEM32\VERSION.dll
0x00007ffc57a50000 - 0x00007ffc57abd000 	C:\WINDOWS\System32\WS2_32.dll
0x00007ffc4d740000 - 0x00007ffc4d76d000 	C:\WINDOWS\SYSTEM32\winmmbase.dll
0x00007ffc54e80000 - 0x00007ffc54eca000 	C:\WINDOWS\System32\cfgmgr32.dll
0x000000005c890000 - 0x000000005c89f000 	C:\Program Files\Java\jdk1.8.0_40\jre\bin\verify.dll
0x000000005c860000 - 0x000000005c889000 	C:\Program Files\Java\jdk1.8.0_40\jre\bin\java.dll
0x000000005c840000 - 0x000000005c856000 	C:\Program Files\Java\jdk1.8.0_40\jre\bin\zip.dll
0x00007ffc550b0000 - 0x00007ffc5659f000 	C:\WINDOWS\System32\SHELL32.dll
0x00007ffc56da0000 - 0x00007ffc56e48000 	C:\WINDOWS\System32\shcore.dll
0x00007ffc54050000 - 0x00007ffc54798000 	C:\WINDOWS\System32\windows.storage.dll
0x00007ffc53ec0000 - 0x00007ffc53ee4000 	C:\WINDOWS\System32\profapi.dll
0x00007ffc53ef0000 - 0x00007ffc53f4d000 	C:\WINDOWS\System32\powrprof.dll
0x00007ffc568b0000 - 0x00007ffc56902000 	C:\WINDOWS\System32\shlwapi.dll
0x00007ffc53e80000 - 0x00007ffc53e91000 	C:\WINDOWS\System32\kernel.appcore.dll
0x00007ffc547c0000 - 0x00007ffc547d7000 	C:\WINDOWS\System32\cryptsp.dll
0x000000005c660000 - 0x000000005c7f8000 	C:\Program Files\Java\jdk1.8.0_40\jre\bin\awt.dll
0x00007ffc56910000 - 0x00007ffc569db000 	C:\WINDOWS\System32\OLEAUT32.dll
0x00007ffc51680000 - 0x00007ffc5170c000 	C:\WINDOWS\SYSTEM32\apphelp.dll
0x00007ffc51ba0000 - 0x00007ffc51c3c000 	C:\WINDOWS\system32\uxtheme.dll
0x00007ffc566f0000 - 0x00007ffc5685a000 	C:\WINDOWS\System32\MSCTF.dll
0x00007ffc52400000 - 0x00007ffc5242e000 	C:\WINDOWS\system32\dwmapi.dll
0x00007ffc54ed0000 - 0x00007ffc550ab000 	C:\WINDOWS\System32\CRYPT32.dll
0x00007ffc53ea0000 - 0x00007ffc53eb2000 	C:\WINDOWS\System32\MSASN1.dll
0x00007ffc56c40000 - 0x00007ffc56d95000 	C:\WINDOWS\System32\ole32.dll
0x000000005c610000 - 0x000000005c657000 	C:\Program Files\Java\jdk1.8.0_40\jre\bin\fontmanager.dll
0x000000005c5b0000 - 0x000000005c5bd000 	C:\Program Files\Java\jdk1.8.0_40\jre\bin\management.dll
0x000000005c820000 - 0x000000005c83a000 	C:\Program Files\Java\jdk1.8.0_40\jre\bin\net.dll
0x00007ffc53710000 - 0x00007ffc53777000 	C:\WINDOWS\system32\mswsock.dll
0x000000005c800000 - 0x000000005c811000 	C:\Program Files\Java\jdk1.8.0_40\jre\bin\nio.dll
0x00007ffc534b0000 - 0x00007ffc53576000 	C:\WINDOWS\SYSTEM32\DNSAPI.dll
0x00007ffc57b80000 - 0x00007ffc57b88000 	C:\WINDOWS\System32\NSI.dll
0x00007ffc53470000 - 0x00007ffc534ad000 	C:\WINDOWS\SYSTEM32\IPHLPAPI.DLL
0x00007ffc46150000 - 0x00007ffc4615a000 	C:\Windows\System32\rasadhlp.dll
0x00007ffc46aa0000 - 0x00007ffc46b19000 	C:\WINDOWS\System32\fwpuclnt.dll
0x00007ffc54d30000 - 0x00007ffc54d56000 	C:\WINDOWS\System32\bcrypt.dll
0x00007ffc532d0000 - 0x00007ffc53303000 	C:\WINDOWS\system32\rsaenh.dll
0x00007ffc53db0000 - 0x00007ffc53dd8000 	C:\WINDOWS\SYSTEM32\USERENV.dll
0x00007ffc538e0000 - 0x00007ffc538ec000 	C:\WINDOWS\SYSTEM32\CRYPTBASE.dll
0x00007ffc4cab0000 - 0x00007ffc4cac6000 	C:\WINDOWS\SYSTEM32\dhcpcsvc6.DLL
0x00007ffc4cc20000 - 0x00007ffc4cc3c000 	C:\WINDOWS\SYSTEM32\dhcpcsvc.DLL
0x00007ffc19fa0000 - 0x00007ffc19fb6000 	C:\WINDOWS\system32\napinsp.dll
0x00007ffc19bb0000 - 0x00007ffc19bca000 	C:\WINDOWS\system32\pnrpnsp.dll
0x00007ffc1b6a0000 - 0x00007ffc1b6ae000 	C:\WINDOWS\System32\winrnr.dll
0x00007ffc51660000 - 0x00007ffc5167b000 	C:\WINDOWS\system32\NLAapi.dll
0x00007ffc27240000 - 0x00007ffc27255000 	C:\WINDOWS\system32\wshbth.dll
0x000000005c5c0000 - 0x000000005c601000 	C:\Program Files\Java\jdk1.8.0_40\jre\bin\t2k.dll
0x00007ffc57670000 - 0x00007ffc57712000 	C:\WINDOWS\System32\clbcatq.dll
0x00007ffc4c0a0000 - 0x00007ffc4c258000 	C:\WINDOWS\SYSTEM32\WindowsCodecs.dll
0x00007ffc28490000 - 0x00007ffc284e6000 	C:\WINDOWS\system32\dataexchange.dll
0x00007ffc50460000 - 0x00007ffc506de000 	C:\WINDOWS\system32\d3d11.dll
0x00007ffc50ca0000 - 0x00007ffc50e63000 	C:\WINDOWS\system32\dcomp.dll
0x00007ffc52c10000 - 0x00007ffc52cd2000 	C:\WINDOWS\system32\dxgi.dll
0x00007ffc521c0000 - 0x00007ffc523cd000 	C:\WINDOWS\system32\twinapi.appcore.dll
0x00007ffc523d0000 - 0x00007ffc523f8000 	C:\WINDOWS\system32\RMCLIENT.dll
0x000000005c580000 - 0x000000005c5aa000 	C:\Program Files\Java\jdk1.8.0_40\jre\bin\dcpr.dll
0x00007ffc32930000 - 0x00007ffc329c5000 	C:\WINDOWS\System32\TextInputFramework.dll
0x00007ffc4c260000 - 0x00007ffc4c582000 	C:\WINDOWS\System32\CoreUIComponents.dll
0x00007ffc512a0000 - 0x00007ffc51382000 	C:\WINDOWS\System32\CoreMessaging.dll
0x00007ffc52f50000 - 0x00007ffc52f81000 	C:\WINDOWS\SYSTEM32\ntmarta.dll
0x00007ffc4f8b0000 - 0x00007ffc4fa03000 	C:\WINDOWS\SYSTEM32\wintypes.dll
0x00007ffc52840000 - 0x00007ffc52a2d000 	C:\WINDOWS\SYSTEM32\dbghelp.dll

VM Arguments:
jvm_args: -Dfile.encoding=UTF-8 
java_command: views.LoginViews
java_class_path (initial): D:\Program Data\NetBeans 8.2\java\modules\ext\eclipselink\javax.persistence_2.1.0.v201304241213.jar;D:\Developer\Master\ojdbc7.jar;D:\Developer\Master\ojdbc14.jar;D:\Program Data\NetBeans 8.2\java\modules\ext\hibernate4\antlr-2.7.7.jar;D:\Program Data\NetBeans 8.2\java\modules\ext\hibernate4\c3p0-0.9.2.1.jar;D:\Program Data\NetBeans 8.2\java\modules\ext\hibernate4\hibernate-c3p0-4.3.1.Final.jar;D:\Program Data\NetBeans 8.2\java\modules\ext\hibernate4\mchange-commons-java-0.2.3.4.jar;D:\Program Data\NetBeans 8.2\java\modules\ext\hibernate4\dom4j-1.6.1.jar;D:\Program Data\NetBeans 8.2\java\modules\ext\hibernate4\ehcache-core-2.4.3.jar;D:\Program Data\NetBeans 8.2\java\modules\ext\hibernate4\hibernate-ehcache-4.3.1.Final.jar;D:\Program Data\NetBeans 8.2\java\modules\ext\hibernate4\hibernate-core-4.3.1.Final.jar;D:\Program Data\NetBeans 8.2\java\modules\ext\hibernate4\jboss-logging-3.1.3.GA.jar;D:\Program Data\NetBeans 8.2\java\modules\ext\hibernate4\hibernate-commons-annotations-4.0.4.Final.jar;D:\Program Data\NetBeans 8.2\java\modules\ext\hibernate4\hibernate-entitymanager-4.3.1.Final.jar;D:\Program Data\NetBeans 8.2\java\modules\ext\hibernate4\javassist-3.18.1-GA.jar;D:\Program Data\NetBeans 8.2\java\modules\ext\hibernate4\jboss-transaction-api_1.2_spec-1.0.0.Final.jar;D:\Program Data\NetBeans 8.2\java\modules\ext\hibernate4\slf4j-api-1.6.1.jar;D:\Program Data\NetBeans 8.2\java\modules\ext\hibernate4\slf4j-simple-1.6.1.jar;D:\Developer\Master\javax.mail-1.6.2.jar;D:\Program Data\NetBeans 8.2\ide\modules\ext\swingx-all-1.6.4.jar;D:\Develop Project\NetBeans\CVOnline\build\classes
Launcher Type: SUN_STANDARD

Environment Variables:
PATH=C:\oraclexe\app\oracle\product\11.2.0\server\bin;;C:\ProgramData\Oracle\Java\javapath;C:\Program Files (x86)\Intel\iCLS Client\;C:\Program Files\Intel\iCLS Client\;C:\Windows\system32;C:\Windows;C:\Windows\System32\Wbem;C:\Windows\System32\WindowsPowerShell\v1.0\;C:\Program Files (x86)\NVIDIA Corporation\PhysX\Common;C:\Program Files (x86)\Intel\Intel(R) Management Engine Components\DAL;C:\Program Files\Intel\Intel(R) Management Engine Components\DAL;C:\Program Files (x86)\Intel\Intel(R) Management Engine Components\IPT;C:\Program Files\Intel\Intel(R) Management Engine Components\IPT;C:\Program Files (x86)\GtkSharp\2.12\bin;C:\WINDOWS\system32;C:\WINDOWS;C:\WINDOWS\System32\Wbem;C:\WINDOWS\System32\WindowsPowerShell\v1.0\;C:\Program Files\Intel\WiFi\bin\;C:\Program Files\Common Files\Intel\WirelessCommon\;C:\Program Files\Microsoft\Web Platform Installer\;C:\Program Files\dotnet\;C:\Program Files\Microsoft SQL Server\130\Tools\Binn\;C:\Program Files\Microsoft SQL Server\120\DTS\Binn\;C:\Program Files\Microsoft SQL Server\Client SDK\ODBC\110\Tools\Binn\;C:\Program Files (x86)\Microsoft SQL Server\120\Tools\Binn\;C:\Program Files\Microsoft SQL Server\120\Tools\Binn\;C:\Program Files (x86)\Microsoft SQL Server\120\Tools\Binn\ManagementStudio\;C:\Program Files (x86)\Microsoft SQL Server\120\DTS\Binn\;C:\Program Files (x86)\Microsoft Visual Studio 12.0\Common7\IDE\PrivateAssemblies\;C:\WINDOWS\System32\OpenSSH\;C:\Users\Nitani\.dnx\bin;C:\Users\Nitani\AppData\Local\Microsoft\WindowsApps;D:\Program Data\Microsoft VS Code\bin;C:\Users\Nitani\AppData\Local\GitHubDesktop\bin
USERNAME=Nitani
OS=Windows_NT
PROCESSOR_IDENTIFIER=Intel64 Family 6 Model 94 Stepping 3, GenuineIntel



---------------  S Y S T E M  ---------------

OS: Windows 10.0 , 64 bit Build 17763 (10.0.17763.1)

CPU:total 8 (4 cores per cpu, 2 threads per core) family 6 model 94 stepping 3, cmov, cx8, fxsr, mmx, sse, sse2, sse3, ssse3, sse4.1, sse4.2, popcnt, avx, avx2, aes, clmul, erms, rtm, 3dnowpref, lzcnt, ht, tsc, tscinvbit, bmi1, bmi2, adx

Memory: 4k page, physical 8248964k(1197248k free), swap 11224708k(15468k free)

vm_info: Java HotSpot(TM) 64-Bit Server VM (25.40-b25) for windows-amd64 JRE (1.8.0_40-b26), built on Mar  7 2015 13:51:59 by "java_re" with MS VC++ 10.0 (VS2010)

time: Thu Dec 06 16:32:31 2018
elapsed time: 16 seconds (0d 0h 0m 16s)

